#
# There is insufficient memory for the Java Runtime Environment to continue.
# Native memory allocation (mmap) failed to map 266338304 bytes for Failed to commit area from 0x0000000703400000 to 0x0000000713200000 of length 266338304.
# Possible reasons:
#   The system is out of physical RAM or swap space
#   The process is running with CompressedOops enabled, and the Java Heap may be blocking the growth of the native heap
# Possible solutions:
#   Reduce memory load on the system
#   Increase physical memory or swap space
#   Check if swap backing store is full
#   Decrease Java heap size (-Xmx/-Xms)
#   Decrease number of Java threads
#   Decrease Java thread stack sizes (-Xss)
#   Set larger code cache with -XX:ReservedCodeCacheSize=
# This output file may be truncated or incomplete.
#
#  Out of Memory Error (./open/src/hotspot/os/windows/os_windows.cpp:3276), pid=24640, tid=25520
#
# JRE version:  (11.0.13+10) (build )
# Java VM: Java HotSpot(TM) 64-Bit Server VM (11.0.13+10-LTS-370, mixed mode, sharing, tiered, compressed oops, g1 gc, windows-amd64)
# No core dump will be written. Minidumps are not enabled by default on client versions of Windows
#

---------------  S U M M A R Y ------------

Command Line: -agentlib:jdwp=transport=dt_socket,server=n,suspend=y,address=127.0.0.1:59596 -Dfile.encoding=windows-1252 -Duser.country=BR -Duser.language=pt -Duser.variant com.womakerscode.microservicemeetup.servico.agendamento.meetups.ServicoAgendamentoMeetupsApplication

Host: Intel(R) Core(TM) i7-10510U CPU @ 1.80GHz, 8 cores, 15G,  Windows 10 , 64 bit Build 22000 (10.0.22000.613)
Time: Wed Apr 27 23:52:51 2022 Hora Padrão de Buenos Aires elapsed time: 0.016776 seconds (0d 0h 0m 0s)

---------------  T H R E A D  ---------------

Current thread (0x000001d55f13c800):  JavaThread "Unknown thread" [_thread_in_vm, id=25520, stack(0x000000a255000000,0x000000a255100000)]

Stack: [0x000000a255000000,0x000000a255100000]
Native frames: (J=compiled Java code, j=interpreted, Vv=VM code, C=native code)
V  [jvm.dll+0x62870a]
V  [jvm.dll+0x761f2f]
V  [jvm.dll+0x7635d9]
V  [jvm.dll+0x763c63]
V  [jvm.dll+0x23d728]
V  [jvm.dll+0x625aba]
V  [jvm.dll+0x61a855]
V  [jvm.dll+0x2f242c]
V  [jvm.dll+0x2f22b2]
V  [jvm.dll+0x2f6fd6]
V  [jvm.dll+0x3395ff]
V  [jvm.dll+0x339030]
V  [jvm.dll+0x2cfa38]
V  [jvm.dll+0x2d0ba6]
V  [jvm.dll+0x73c547]
V  [jvm.dll+0x73dddf]
V  [jvm.dll+0x346369]
V  [jvm.dll+0x721e60]
V  [jvm.dll+0x3b500f]
V  [jvm.dll+0x3b7121]
C  [jli.dll+0x5207]
C  [ucrtbase.dll+0x26c0c]
C  [KERNEL32.DLL+0x154e0]
C  [ntdll.dll+0x485b]


---------------  P R O C E S S  ---------------

Threads class SMR info:
_java_thread_list=0x000001d55cec8a00, length=0, elements={
}

Java Threads: ( => current thread )

Other Threads:
  0x000001d55f153000 GCTaskThread "GC Thread#0" [stack: 0x000000a255100000,0x000000a255200000] [id=23760]
  0x000001d55f1b0800 ConcurrentGCThread "G1 Main Marker" [stack: 0x000000a255200000,0x000000a255300000] [id=21348]
  0x000001d55f1b5000 ConcurrentGCThread "G1 Conc#0" [stack: 0x000000a255300000,0x000000a255400000] [id=14876]

[error occurred during error reporting (printing all threads), id 0xc0000005, EXCEPTION_ACCESS_VIOLATION (0xc0000005) at pc=0x00007ff883e9ecc7]

VM state:not at safepoint (not fully initialized)

VM Mutex/Monitor currently owned by a thread:  ([mutex/lock_event])
[0x000001d55cee4dc0] Heap_lock - owner thread: 0x000001d55f13c800

Heap address: 0x0000000703400000, size: 4044 MB, Compressed Oops mode: Non-zero based: 0x0000000703400000
Narrow klass base: 0x0000000000000000, Narrow klass shift: 0

GC Heap History (0 events):
No events

Deoptimization events (0 events):
No events

Classes redefined (0 events):
No events

Internal exceptions (0 events):
No events

Events (0 events):
No events


Dynamic libraries:
0x00007ff701ce0000 - 0x00007ff701cef000 	C:\Program Files\Java\jdk-11.0.13\bin\java.exe
0x00007ff8e1280000 - 0x00007ff8e1489000 	C:\WINDOWS\SYSTEM32\ntdll.dll
0x00007ff89ec10000 - 0x00007ff89ec26000 	C:\Program Files\Avast Software\Avast\aswhook.dll
0x00007ff8e0810000 - 0x00007ff8e08cd000 	C:\WINDOWS\System32\KERNEL32.DLL
0x00007ff8de910000 - 0x00007ff8dec84000 	C:\WINDOWS\System32\KERNELBASE.dll
0x00007ff8dec90000 - 0x00007ff8deda1000 	C:\WINDOWS\System32\ucrtbase.dll
0x00007ff8c6880000 - 0x00007ff8c6898000 	C:\Program Files\Java\jdk-11.0.13\bin\jli.dll
0x00007ff8e1060000 - 0x00007ff8e110e000 	C:\WINDOWS\System32\ADVAPI32.dll
0x00007ff8e06f0000 - 0x00007ff8e0793000 	C:\WINDOWS\System32\msvcrt.dll
0x00007ff8e08e0000 - 0x00007ff8e097e000 	C:\WINDOWS\System32\sechost.dll
0x00007ff8dfb60000 - 0x00007ff8dfc80000 	C:\WINDOWS\System32\RPCRT4.dll
0x00007ff8e0e40000 - 0x00007ff8e0fec000 	C:\WINDOWS\System32\USER32.dll
0x00007ff8de770000 - 0x00007ff8de796000 	C:\WINDOWS\System32\win32u.dll
0x00007ff8dfd70000 - 0x00007ff8dfd99000 	C:\WINDOWS\System32\GDI32.dll
0x00007ff8df000000 - 0x00007ff8df112000 	C:\WINDOWS\System32\gdi32full.dll
0x00007ff8dedb0000 - 0x00007ff8dee4d000 	C:\WINDOWS\System32\msvcp_win.dll
0x00007ff8c8dd0000 - 0x00007ff8c8de5000 	C:\Program Files\Java\jdk-11.0.13\bin\VCRUNTIME140.dll
0x00007ff8ca340000 - 0x00007ff8ca5e5000 	C:\WINDOWS\WinSxS\amd64_microsoft.windows.common-controls_6595b64144ccf1df_6.0.22000.120_none_9d947278b86cc467\COMCTL32.dll
0x00007ff8cdab0000 - 0x00007ff8cdaba000 	C:\WINDOWS\SYSTEM32\VERSION.dll
0x00007ff8e1200000 - 0x00007ff8e1231000 	C:\WINDOWS\System32\IMM32.DLL
0x00007ff88d620000 - 0x00007ff88d735000 	C:\Program Files\Topaz OFD\Warsaw\wslbscr64.dll
0x00007ff8df1a0000 - 0x00007ff8df94f000 	C:\WINDOWS\System32\SHELL32.dll
0x00007ff8dd5e0000 - 0x00007ff8dd614000 	C:\WINDOWS\SYSTEM32\ntmarta.dll
0x00007ff88d410000 - 0x00007ff88d503000 	C:\Program Files\Topaz OFD\Warsaw\wslbscrwh64.dll
0x00007ff8b04c0000 - 0x00007ff8b055b000 	C:\Program Files\Java\jdk-11.0.13\bin\msvcp140.dll
0x00007ff883bc0000 - 0x00007ff8846d3000 	C:\Program Files\Java\jdk-11.0.13\bin\server\jvm.dll
0x00007ff8e0980000 - 0x00007ff8e0988000 	C:\WINDOWS\System32\PSAPI.DLL
0x00007ff8c9700000 - 0x00007ff8c9709000 	C:\WINDOWS\SYSTEM32\WSOCK32.dll
0x00007ff8e07a0000 - 0x00007ff8e080f000 	C:\WINDOWS\System32\WS2_32.dll
0x00007ff8d8910000 - 0x00007ff8d8943000 	C:\WINDOWS\SYSTEM32\WINMM.dll
0x00007ff8dd960000 - 0x00007ff8dd978000 	C:\WINDOWS\SYSTEM32\kernel.appcore.dll
0x00007ff8cc500000 - 0x00007ff8cc510000 	C:\Program Files\Java\jdk-11.0.13\bin\verify.dll
0x00007ff8dc390000 - 0x00007ff8dc5b1000 	C:\WINDOWS\SYSTEM32\DBGHELP.DLL
0x00007ff8d87f0000 - 0x00007ff8d8821000 	C:\WINDOWS\SYSTEM32\dbgcore.DLL
0x00007ff8def80000 - 0x00007ff8defff000 	C:\WINDOWS\System32\bcryptPrimitives.dll
0x00007ff8c5f20000 - 0x00007ff8c5f48000 	C:\Program Files\Java\jdk-11.0.13\bin\java.dll
0x00007ff8cc3d0000 - 0x00007ff8cc3da000 	C:\Program Files\Java\jdk-11.0.13\bin\jimage.dll
0x00007ff8ac270000 - 0x00007ff8ac2a8000 	C:\Program Files\Java\jdk-11.0.13\bin\jdwp.dll
0x00007ff8c5e90000 - 0x00007ff8c5ea6000 	C:\Program Files\Java\jdk-11.0.13\bin\zip.dll

dbghelp: loaded successfully - version: 4.0.5 - missing functions: none
symbol engine: initialized successfully - sym options: 0x614 - pdb path: .;C:\Program Files\Java\jdk-11.0.13\bin;C:\WINDOWS\SYSTEM32;C:\Program Files\Avast Software\Avast;C:\WINDOWS\WinSxS\amd64_microsoft.windows.common-controls_6595b64144ccf1df_6.0.22000.120_none_9d947278b86cc467;C:\Program Files\Topaz OFD\Warsaw;C:\Program Files\Java\jdk-11.0.13\bin\server

VM Arguments:
jvm_args: -agentlib:jdwp=transport=dt_socket,server=n,suspend=y,address=127.0.0.1:59596 -Dfile.encoding=windows-1252 -Duser.country=BR -Duser.language=pt -Duser.variant 
java_command: com.womakerscode.microservicemeetup.servico.agendamento.meetups.ServicoAgendamentoMeetupsApplication
java_class_path (initial): C:\Projetos\servico-agendamento-meetups\build\classes\java\main;C:\Projetos\servico-agendamento-meetups\build\resources\main;C:\Users\milly\.gradle\caches\modules-2\files-2.1\org.springframework.boot\spring-boot-starter-data-jpa\2.6.6\30942753cd29132913a5b642dc5b045c1cb18fd9\spring-boot-starter-data-jpa-2.6.6.jar;C:\Users\milly\.gradle\caches\modules-2\files-2.1\org.springframework.boot\spring-boot-starter-validation\2.6.6\bcebaa063294fa43d149deafa48892dfeaee4e6\spring-boot-starter-validation-2.6.6.jar;C:\Users\milly\.gradle\caches\modules-2\files-2.1\org.springframework.boot\spring-boot-starter-web\2.6.6\7aa73898044e9fb7dc71dbf4d4e0f2fbcc7ce25f\spring-boot-starter-web-2.6.6.jar;C:\Users\milly\.gradle\caches\modules-2\files-2.1\org.modelmapper\modelmapper\3.0.0\476892f4b77c03e7e7813fdba8840921d79bf2a2\modelmapper-3.0.0.jar;C:\Users\milly\.gradle\caches\modules-2\files-2.1\io.springfox\springfox-boot-starter\3.0.0\5486365e263f8acca014b97efa50c3419d58e8f6\springfox-boot-starter-3.0.0.jar;C:\Users\milly\.gradle\caches\modules-2\files-2.1\org.apache.commons\commons-lang3\3.12.0\c6842c86792ff03b9f1d1fe2aab8dc23aa6c6f0e\commons-lang3-3.12.0.jar;C:\Users\milly\.gradle\caches\modules-2\files-2.1\com.h2database\h2\1.4.200\f7533fe7cb8e99c87a43d325a77b4b678ad9031a\h2-1.4.200.jar;C:\Users\milly\.gradle\caches\modules-2\files-2.1\org.springframework.boot\spring-boot-starter-aop\2.6.6\d08c239992526803aa4f7fc4e74f243ccc337ebb\spring-boot-starter-aop-2.6.6.jar;C:\Users\milly\.gradle\caches\modules-2\files-2.1\org.springframework.boot\spring-boot-starter-jdbc\2.6.6\c0ee383ed4482fddc74ad645c0d77c98ec767140\spring-boot-starter-jdbc-2.6.6.jar;C:\Users\milly\.gradle\caches\modules-2\files-2.1\jakarta.transaction\jakarta.transaction-api\1.3.3\c4179d48720a1e87202115fbed6089bdc4195405\jakarta.transaction-api-1.3.3.jar;C:\Users\milly\.gradle\caches\modules-2\files-2.1\jakarta.persistence\jakarta.persistence-api\2.2.3\8f6ea5daedc614f07a3654a455660145286f024e\jaka
Launcher Type: SUN_STANDARD

[Global flags]
     intx CICompilerCount                          = 4                                         {product} {ergonomic}
     uint ConcGCThreads                            = 2                                         {product} {ergonomic}
     uint G1ConcRefinementThreads                  = 8                                         {product} {ergonomic}
   size_t G1HeapRegionSize                         = 1048576                                   {product} {ergonomic}
    uintx GCDrainStackTargetSize                   = 64                                        {product} {ergonomic}
   size_t InitialHeapSize                          = 266338304                                 {product} {ergonomic}
   size_t MarkStackSize                            = 4194304                                   {product} {ergonomic}
   size_t MaxHeapSize                              = 4240441344                                {product} {ergonomic}
   size_t MinHeapDeltaBytes                        = 1048576                                   {product} {ergonomic}
    uintx NonNMethodCodeHeapSize                   = 5836300                                {pd product} {ergonomic}
    uintx NonProfiledCodeHeapSize                  = 122910970                              {pd product} {ergonomic}
    uintx ProfiledCodeHeapSize                     = 122910970                              {pd product} {ergonomic}
    uintx ReservedCodeCacheSize                    = 251658240                              {pd product} {ergonomic}
     bool SegmentedCodeCache                       = true                                      {product} {ergonomic}
     bool UseCompressedClassPointers               = true                                 {lp64_product} {ergonomic}
     bool UseCompressedOops                        = true                                 {lp64_product} {ergonomic}
     bool UseG1GC                                  = true                                      {product} {ergonomic}
     bool UseLargePagesIndividualAllocation        = false                                  {pd product} {ergonomic}

Logging:
Log output configuration:
 #0: stdout all=warning uptime,level,tags
 #1: stderr all=off uptime,level,tags

Environment Variables:
JAVA_HOME=C:\Program Files\Java\jdk-11.0.13
PATH=C:\Program Files\Common Files\Oracle\Java\javapath;C:\Program Files (x86)\Common Files\Oracle\Java\javapath;C:\Windows\system32;C:\Windows;C:\Windows\System32\Wbem;C:\Windows\System32\WindowsPowerShell\v1.0\;C:\Windows\System32\OpenSSH\;C:\Program Files (x86)\NVIDIA Corporation\PhysX\Common;C:\Program Files\NVIDIA Corporation\NVIDIA NvDLISR;C:\Program Files\OpenVPN\bin;C:\Program Files\Git\cmd;C:\WINDOWS\system32;C:\WINDOWS;C:\WINDOWS\System32\Wbem;C:\WINDOWS\System32\WindowsPowerShell\v1.0\;C:\WINDOWS\System32\OpenSSH\;C:\Program Files\apache-maven-3.8.1\bin;C:\Users\milly\AppData\Local\Microsoft\WindowsApps;;C:\Users\milly\AppData\Local\Programs\Microsoft VS Code\bin
USERNAME=milly
OS=Windows_NT
PROCESSOR_IDENTIFIER=Intel64 Family 6 Model 142 Stepping 12, GenuineIntel



---------------  S Y S T E M  ---------------

OS: Windows 10 , 64 bit Build 22000 (10.0.22000.613)

CPU:total 8 (initial active 8) (4 cores per cpu, 2 threads per core) family 6 model 142 stepping 12 microcode 0xde, cmov, cx8, fxsr, mmx, sse, sse2, sse3, ssse3, sse4.1, sse4.2, popcnt, avx, avx2, aes, clmul, erms, 3dnowpref, lzcnt, ht, tsc, tscinvbit, bmi1, bmi2, adx, fma

Memory: 4k page, system-wide physical 16168M (1736M free)
TotalPageFile size 25267M (AvailPageFile size 144M)
current process WorkingSet (physical memory assigned to process): 13M, peak: 13M
current process commit charge ("private bytes"): 62M, peak: 316M

vm_info: Java HotSpot(TM) 64-Bit Server VM (11.0.13+10-LTS-370) for windows-amd64 JRE (11.0.13+10-LTS-370), built on Sep 15 2021 22:10:36 by "mach5one" with MS VC++ 15.9 (VS2017)

END.
